MoaYo/app/build/intermediates/manifest_merge_blame_file/debug/manifest-merger-blame-debug-report.txt
1<?xml version="1.0" encoding="utf-8"?>
2<manifest xmlns:android="http://schemas.android.com/apk/res/android"
3    package="com.capstone.moayo"
4    android:versionCode="1"
5    android:versionName="1.0" >
6
7    <uses-sdk
8        android:minSdkVersion="24"
8-->src\main\AndroidManifest.xml
9        android:targetSdkVersion="29" />
9-->src\main\AndroidManifest.xml
10
11    <uses-permission android:name="android.permission.INTERNET" />
11-->src\main\AndroidManifest.xml:5:5-67
11-->src\main\AndroidManifest.xml:5:22-64
12    <uses-permission android:name="android.permission.INTERNET" />
12-->src\main\AndroidManifest.xml:5:5-67
12-->src\main\AndroidManifest.xml:5:22-64
13
14    <application
14-->src\main\AndroidManifest.xml:8:5-34:19
15        android:allowBackup="true"
15-->src\main\AndroidManifest.xml:9:9-35
16        android:appComponentFactory="androidx.core.app.CoreComponentFactory"
16-->[androidx.core:core:1.1.0] AndroidManifest.xml:24:18-86
17        android:debuggable="true"
18        android:extractNativeLibs="false"
19        android:icon="@mipmap/ic_launcher"
19-->src\main\AndroidManifest.xml:10:9-43
20        android:label="@string/app_name"
20-->src\main\AndroidManifest.xml:11:9-41
21        android:roundIcon="@mipmap/ic_launcher_round"
21-->src\main\AndroidManifest.xml:12:9-54
22        android:supportsRtl="true"
22-->src\main\AndroidManifest.xml:13:9-35
23        android:testOnly="true"
24        android:theme="@style/AppTheme" >
24-->src\main\AndroidManifest.xml:14:9-40
25        <activity android:name="com.capstone.moayo.activity.IntroActivity" >
25-->src\main\AndroidManifest.xml:15:9-20:20
25-->src\main\AndroidManifest.xml:15:19-57
26            <intent-filter>
26-->src\main\AndroidManifest.xml:16:13-19:29
27                <action android:name="android.intent.action.MAIN" />
27-->src\main\AndroidManifest.xml:17:17-69
27-->src\main\AndroidManifest.xml:17:25-66
28
29                <category android:name="android.intent.category.LAUNCHER" />
29-->src\main\AndroidManifest.xml:18:17-77
29-->src\main\AndroidManifest.xml:18:27-74
30            </intent-filter>
31        </activity>
32        <activity android:name="com.capstone.moayo.activity.ShareMenuActivity" />
32-->src\main\AndroidManifest.xml:21:9-64
32-->src\main\AndroidManifest.xml:21:19-61
33        <activity android:name="com.capstone.moayo.activity.MainActivity" />
33-->src\main\AndroidManifest.xml:22:9-59
33-->src\main\AndroidManifest.xml:22:19-56
34        <activity
34-->src\main\AndroidManifest.xml:23:9-25:67
35            android:name="com.capstone.moayo.activity.BookManageActivity"
35-->src\main\AndroidManifest.xml:24:13-56
36            android:parentActivityName="com.capstone.moayo.activity.MainActivity" />
36-->src\main\AndroidManifest.xml:25:13-64
37        <activity
37-->src\main\AndroidManifest.xml:26:9-28:73
38            android:name="com.capstone.moayo.activity.BookDetailActivity"
38-->src\main\AndroidManifest.xml:27:13-56
39            android:parentActivityName="com.capstone.moayo.activity.BookManageActivity" />
39-->src\main\AndroidManifest.xml:28:13-70
40        <activity
40-->src\main\AndroidManifest.xml:29:9-31:73
41            android:name="com.capstone.moayo.activity.ResultActivity"
41-->src\main\AndroidManifest.xml:30:13-52
42            android:parentActivityName="com.capstone.moayo.activity.BookManageActivity" />
42-->src\main\AndroidManifest.xml:31:13-70
43        <activity android:name="com.capstone.moayo.activity.BookFormActivity" />
43-->src\main\AndroidManifest.xml:32:9-33:57
43-->src\main\AndroidManifest.xml:33:13-54
44    </application>
45
46</manifest>